<?xml version="1.0" encoding="UTF-8"?>
<!-- Generated by org.testng.reporters.JUnitXMLReporter -->
<testsuite ignored="0" hostname="ENCDAPPUNLT0302" failures="0" tests="2" name="Default test" time="30.264" errors="0" timestamp="2024-03-06T19:22:57 IST">
  <testcase classname="io.cucumber.testng.AbstractTestNGCucumberTests" name="runScenario" time="15.556"/>
  <testcase classname="io.cucumber.testng.AbstractTestNGCucumberTests" name="runScenario" time="13.556"/>
</testsuite> <!-- Default test -->
