<?xml version="1.0" encoding="UTF-8"?>
<testng-results ignored="0" total="2" passed="2" failed="0" skipped="0">
  <reporter-output>
  </reporter-output>
  <suite started-at="2024-03-06T19:22:27 IST" name="Default suite" finished-at="2024-03-06T19:22:57 IST" duration-ms="30264">
    <groups>
      <group name="cucumber">
        <method signature="AbstractTestNGCucumberTests.runScenario(io.cucumber.testng.PickleWrapper,io.cucumber.testng.FeatureWrapper)[pri:0, instance:com.runner.Runner@6c284af]" name="runScenario" class="io.cucumber.testng.AbstractTestNGCucumberTests"/>
      </group> <!-- cucumber -->
    </groups>
    <test started-at="2024-03-06T19:22:27 IST" name="Default test" finished-at="2024-03-06T19:22:57 IST" duration-ms="30264">
      <class name="com.runner.Runner">
        <test-method is-config="true" signature="setUpClass(org.testng.ITestContext)[pri:0, instance:com.runner.Runner@6c284af]" started-at="2024-03-06T19:22:27 IST" name="setUpClass" finished-at="2024-03-06T19:22:28 IST" duration-ms="815" status="PASS">
          <params>
            <param index="0">
              <value>
                <![CDATA[org.testng.TestRunner@b27b210]]>
              </value>
            </param>
          </params>
          <reporter-output>
          </reporter-output>
        </test-method> <!-- setUpClass -->
        <test-method signature="runScenario(io.cucumber.testng.PickleWrapper,io.cucumber.testng.FeatureWrapper)[pri:0, instance:com.runner.Runner@6c284af]" started-at="2024-03-06T19:22:28 IST" name="runScenario" description="Runs Cucumber Scenarios" data-provider="scenarios" finished-at="2024-03-06T19:22:44 IST" duration-ms="15556" status="PASS">
          <params>
            <param index="0">
              <value>
                <![CDATA["Test the valid login"]]>
              </value>
            </param>
            <param index="1">
              <value>
                <![CDATA["Test the login functinality of Orange hrm application"]]>
              </value>
            </param>
          </params>
          <reporter-output>
          </reporter-output>
        </test-method> <!-- runScenario -->
        <test-method signature="runScenario(io.cucumber.testng.PickleWrapper,io.cucumber.testng.FeatureWrapper)[pri:0, instance:com.runner.Runner@6c284af]" started-at="2024-03-06T19:22:44 IST" name="runScenario" description="Runs Cucumber Scenarios" data-provider="scenarios" finished-at="2024-03-06T19:22:57 IST" duration-ms="13556" status="PASS">
          <params>
            <param index="0">
              <value>
                <![CDATA["Test the valid login."]]>
              </value>
            </param>
            <param index="1">
              <value>
                <![CDATA["Test the login functionality of the orange hrm application."]]>
              </value>
            </param>
          </params>
          <reporter-output>
          </reporter-output>
        </test-method> <!-- runScenario -->
        <test-method is-config="true" signature="tearDownClass()[pri:0, instance:com.runner.Runner@6c284af]" started-at="2024-03-06T19:22:57 IST" name="tearDownClass" finished-at="2024-03-06T19:22:57 IST" duration-ms="244" status="PASS">
          <reporter-output>
          </reporter-output>
        </test-method> <!-- tearDownClass -->
      </class> <!-- com.runner.Runner -->
    </test> <!-- Default test -->
  </suite> <!-- Default suite -->
</testng-results>
